0 info it worked if it ends with ok
1 verbose cli [ '/Users/mengjie/.nvm/versions/node/v5.3.0/bin/node',
1 verbose cli   '/Users/mengjie/.nvm/versions/node/v5.3.0/bin/npm',
1 verbose cli   'start' ]
2 info using npm@3.8.9
3 info using node@v5.3.0
4 verbose run-script [ 'prestart', 'start', 'poststart' ]
5 info lifecycle resume@0.0.0~prestart: resume@0.0.0
6 silly lifecycle resume@0.0.0~prestart: no script for prestart, continuing
7 info lifecycle resume@0.0.0~start: resume@0.0.0
8 verbose lifecycle resume@0.0.0~start: unsafe-perm in lifecycle true
9 verbose lifecycle resume@0.0.0~start: PATH: /Users/mengjie/.nvm/versions/node/v5.3.0/lib/node_modules/npm/bin/node-gyp-bin:/Users/mengjie/Developer/resume_b/resume/node_modules/.bin:/Users/mengjie/.nvm/versions/node/v5.3.0/bin:/Users/mengjie/.nvm/versions/node/v5.3.0/bin:/Library/Frameworks/Python.framework/Versions/2.7/bin:/usr/local/bin:/usr/bin:/bin:/usr/sbin:/sbin:/user/local/go/bin:/Users/mengjie/bin:/Users/mengjie/bin:/sbin:/usr/bin:/usr/sbin
10 verbose lifecycle resume@0.0.0~start: CWD: /Users/mengjie/Developer/resume_b/resume
11 silly lifecycle resume@0.0.0~start: Args: [ '-c', 'node ./bin/www' ]
12 silly lifecycle resume@0.0.0~start: Returned: code: 1  signal: null
13 info lifecycle resume@0.0.0~start: Failed to exec start script
14 verbose stack Error: resume@0.0.0 start: `node ./bin/www`
14 verbose stack Exit status 1
14 verbose stack     at EventEmitter.<anonymous> (/Users/mengjie/.nvm/versions/node/v5.3.0/lib/node_modules/npm/lib/utils/lifecycle.js:245:16)
14 verbose stack     at emitTwo (events.js:87:13)
14 verbose stack     at EventEmitter.emit (events.js:172:7)
14 verbose stack     at ChildProcess.<anonymous> (/Users/mengjie/.nvm/versions/node/v5.3.0/lib/node_modules/npm/lib/utils/spawn.js:24:14)
14 verbose stack     at emitTwo (events.js:87:13)
14 verbose stack     at ChildProcess.emit (events.js:172:7)
14 verbose stack     at maybeClose (internal/child_process.js:818:16)
14 verbose stack     at Process.ChildProcess._handle.onexit (internal/child_process.js:211:5)
15 verbose pkgid resume@0.0.0
16 verbose cwd /Users/mengjie/Developer/resume_b/resume
17 error Darwin 15.5.0
18 error argv "/Users/mengjie/.nvm/versions/node/v5.3.0/bin/node" "/Users/mengjie/.nvm/versions/node/v5.3.0/bin/npm" "start"
19 error node v5.3.0
20 error npm  v3.8.9
21 error code ELIFECYCLE
22 error resume@0.0.0 start: `node ./bin/www`
22 error Exit status 1
23 error Failed at the resume@0.0.0 start script 'node ./bin/www'.
23 error Make sure you have the latest version of node.js and npm installed.
23 error If you do, this is most likely a problem with the resume package,
23 error not with npm itself.
23 error Tell the author that this fails on your system:
23 error     node ./bin/www
23 error You can get information on how to open an issue for this project with:
23 error     npm bugs resume
23 error Or if that isn't available, you can get their info via:
23 error     npm owner ls resume
23 error There is likely additional logging output above.
24 verbose exit [ 1, true ]
